[   12536ms] [ERROR] THREE.GLTFLoader: Couldn't load texture blob:http://localhost:3100/1483de83-5369-4c52-8816-fe7f80446189 @ http://localhost:3100/_next/static/chunks/e773d6d60e3bc5eb.js:396
[   12539ms] [ERROR] THREE.GLTFLoader: Couldn't load texture blob:http://localhost:3100/97fa2276-0e86-4d9d-addb-0c0c179b4801 @ http://localhost:3100/_next/static/chunks/e773d6d60e3bc5eb.js:396
[   12539ms] [ERROR] THREE.GLTFLoader: Couldn't load texture blob:http://localhost:3100/688d00ef-0d39-411e-abcf-6ba907534835 @ http://localhost:3100/_next/static/chunks/e773d6d60e3bc5eb.js:396
[   12539ms] [ERROR] THREE.GLTFLoader: Couldn't load texture blob:http://localhost:3100/62846552-d7f1-4c76-a8eb-33d51d1fe7e5 @ http://localhost:3100/_next/static/chunks/e773d6d60e3bc5eb.js:396
[   12539ms] [ERROR] THREE.GLTFLoader: Couldn't load texture blob:http://localhost:3100/ce913b01-2a40-4e1b-9943-30d8cc14d0fd @ http://localhost:3100/_next/static/chunks/e773d6d60e3bc5eb.js:396
[   12539ms] [ERROR] THREE.GLTFLoader: Couldn't load texture blob:http://localhost:3100/e8cc284c-2821-45e1-88d5-b91733a58f43 @ http://localhost:3100/_next/static/chunks/e773d6d60e3bc5eb.js:396
[   12539ms] [ERROR] THREE.GLTFLoader: Couldn't load texture blob:http://localhost:3100/4778a15b-5ac5-4b03-b45a-589f08b18f01 @ http://localhost:3100/_next/static/chunks/e773d6d60e3bc5eb.js:396
[   12539ms] [ERROR] THREE.GLTFLoader: Couldn't load texture blob:http://localhost:3100/b15c2b30-eeda-4463-825d-4f8a2909103a @ http://localhost:3100/_next/static/chunks/e773d6d60e3bc5eb.js:396
[   12540ms] [ERROR] THREE.GLTFLoader: Couldn't load texture blob:http://localhost:3100/2347ee02-920a-46ab-8c55-81a457808da0 @ http://localhost:3100/_next/static/chunks/e773d6d60e3bc5eb.js:396
[   12540ms] [ERROR] THREE.GLTFLoader: Couldn't load texture blob:http://localhost:3100/511bda82-825f-4fb9-8347-4f522882fd47 @ http://localhost:3100/_next/static/chunks/e773d6d60e3bc5eb.js:396
[   12540ms] [ERROR] THREE.GLTFLoader: Couldn't load texture blob:http://localhost:3100/026fe51a-65cd-4280-b0b4-dfc5d9ad5b91 @ http://localhost:3100/_next/static/chunks/e773d6d60e3bc5eb.js:396
[   12540ms] [ERROR] THREE.GLTFLoader: Couldn't load texture blob:http://localhost:3100/58045a28-5612-450a-9b9c-dd713ecabb45 @ http://localhost:3100/_next/static/chunks/e773d6d60e3bc5eb.js:396
[   12540ms] [ERROR] THREE.GLTFLoader: Couldn't load texture blob:http://localhost:3100/ecf15f3c-56d8-43a9-a04a-dee717f2120f @ http://localhost:3100/_next/static/chunks/e773d6d60e3bc5eb.js:396
[   12540ms] [ERROR] THREE.GLTFLoader: Couldn't load texture blob:http://localhost:3100/8c911d22-da6a-414e-be48-73cc2f545d0d @ http://localhost:3100/_next/static/chunks/e773d6d60e3bc5eb.js:396
[   12540ms] [ERROR] THREE.GLTFLoader: Couldn't load texture blob:http://localhost:3100/0e3c26db-2d3b-4996-8fc4-f6f473e5f0b9 @ http://localhost:3100/_next/static/chunks/e773d6d60e3bc5eb.js:396
[   12540ms] [ERROR] THREE.GLTFLoader: Couldn't load texture blob:http://localhost:3100/b18f8822-d71a-4518-87e6-60bfb05e270b @ http://localhost:3100/_next/static/chunks/e773d6d60e3bc5eb.js:396
[   12540ms] [ERROR] THREE.GLTFLoader: Couldn't load texture blob:http://localhost:3100/7dc4fcac-e219-4d1b-8d2b-c05cda809a81 @ http://localhost:3100/_next/static/chunks/e773d6d60e3bc5eb.js:396
[   12540ms] [ERROR] THREE.GLTFLoader: Couldn't load texture blob:http://localhost:3100/7b92137e-c962-4a54-86d7-c9d0e2618035 @ http://localhost:3100/_next/static/chunks/e773d6d60e3bc5eb.js:396
[   12540ms] [ERROR] THREE.GLTFLoader: Couldn't load texture blob:http://localhost:3100/2d42949e-f7c3-4d50-8797-0576a3cc9362 @ http://localhost:3100/_next/static/chunks/e773d6d60e3bc5eb.js:396
[   12540ms] [ERROR] THREE.GLTFLoader: Couldn't load texture blob:http://localhost:3100/280687f5-1b1c-4744-9743-fefa7011131b @ http://localhost:3100/_next/static/chunks/e773d6d60e3bc5eb.js:396
[   12540ms] [ERROR] THREE.GLTFLoader: Couldn't load texture blob:http://localhost:3100/eb303448-1653-42dc-9896-1057fe36b5cc @ http://localhost:3100/_next/static/chunks/e773d6d60e3bc5eb.js:396
[   12540ms] [ERROR] THREE.GLTFLoader: Couldn't load texture blob:http://localhost:3100/f31ac314-0c48-4008-9ff5-3a27533a9d98 @ http://localhost:3100/_next/static/chunks/e773d6d60e3bc5eb.js:396
[   12540ms] [ERROR] THREE.GLTFLoader: Couldn't load texture blob:http://localhost:3100/942cafa2-07e2-47aa-8cfa-e26d92f349e2 @ http://localhost:3100/_next/static/chunks/e773d6d60e3bc5eb.js:396
[   12540ms] [ERROR] THREE.GLTFLoader: Couldn't load texture blob:http://localhost:3100/30d022e0-fbd6-457e-99ca-40d14774ba38 @ http://localhost:3100/_next/static/chunks/e773d6d60e3bc5eb.js:396
[   12540ms] [ERROR] THREE.GLTFLoader: Couldn't load texture blob:http://localhost:3100/c7a6fee1-c66e-40a1-9ff9-a107d7693862 @ http://localhost:3100/_next/static/chunks/e773d6d60e3bc5eb.js:396
[   12540ms] [ERROR] THREE.GLTFLoader: Couldn't load texture blob:http://localhost:3100/f63e5539-4fe1-4ef7-beec-2e130c3c4f4e @ http://localhost:3100/_next/static/chunks/e773d6d60e3bc5eb.js:396
[   12540ms] [ERROR] THREE.GLTFLoader: Couldn't load texture blob:http://localhost:3100/f87f3389-5b1f-4caf-ad69-005de7927475 @ http://localhost:3100/_next/static/chunks/e773d6d60e3bc5eb.js:396
[   12540ms] [ERROR] THREE.GLTFLoader: Couldn't load texture blob:http://localhost:3100/bf0f870f-12c5-4480-aeb7-c98fbcb898ea @ http://localhost:3100/_next/static/chunks/e773d6d60e3bc5eb.js:396
[   12540ms] [ERROR] THREE.GLTFLoader: Couldn't load texture blob:http://localhost:3100/bb985ef8-12ba-407a-921b-545e03f0fbd7 @ http://localhost:3100/_next/static/chunks/e773d6d60e3bc5eb.js:396
[   12540ms] [ERROR] THREE.GLTFLoader: Couldn't load texture blob:http://localhost:3100/a8c02516-3cd8-434d-9c19-ad89d7dd1140 @ http://localhost:3100/_next/static/chunks/e773d6d60e3bc5eb.js:396
[   12540ms] [ERROR] THREE.GLTFLoader: Couldn't load texture blob:http://localhost:3100/43d4496b-4635-49d2-b243-03c8374c61ce @ http://localhost:3100/_next/static/chunks/e773d6d60e3bc5eb.js:396
[   12540ms] [ERROR] THREE.GLTFLoader: Couldn't load texture blob:http://localhost:3100/4f9555fc-adee-444d-bbe2-becdccb4fd46 @ http://localhost:3100/_next/static/chunks/e773d6d60e3bc5eb.js:396
[   12540ms] [ERROR] THREE.GLTFLoader: Couldn't load texture blob:http://localhost:3100/1ab25f40-bf2f-4b40-b9b1-ab8279208e20 @ http://localhost:3100/_next/static/chunks/e773d6d60e3bc5eb.js:396
[   12540ms] [ERROR] THREE.GLTFLoader: Couldn't load texture blob:http://localhost:3100/81275c29-39e3-417f-8643-dcb50f347289 @ http://localhost:3100/_next/static/chunks/e773d6d60e3bc5eb.js:396
[   12540ms] [ERROR] THREE.GLTFLoader: Couldn't load texture blob:http://localhost:3100/978261b9-efa7-451d-8f00-cd0fa74329c6 @ http://localhost:3100/_next/static/chunks/e773d6d60e3bc5eb.js:396
[   12540ms] [ERROR] THREE.GLTFLoader: Couldn't load texture blob:http://localhost:3100/5398621d-8c41-4d34-a70a-28570d9fec69 @ http://localhost:3100/_next/static/chunks/e773d6d60e3bc5eb.js:396
[   12540ms] [ERROR] THREE.GLTFLoader: Couldn't load texture blob:http://localhost:3100/fcfbcbcb-300d-4bb7-be94-52ba1bc9f930 @ http://localhost:3100/_next/static/chunks/e773d6d60e3bc5eb.js:396
[   12540ms] [ERROR] THREE.GLTFLoader: Couldn't load texture blob:http://localhost:3100/5e8c7046-7703-4af5-8d77-c5c4c2bdd864 @ http://localhost:3100/_next/static/chunks/e773d6d60e3bc5eb.js:396
[   12540ms] [ERROR] THREE.GLTFLoader: Couldn't load texture blob:http://localhost:3100/ef2e7022-42d8-4f20-b20e-e69741014e50 @ http://localhost:3100/_next/static/chunks/e773d6d60e3bc5eb.js:396
[   12540ms] [ERROR] THREE.GLTFLoader: Couldn't load texture blob:http://localhost:3100/ccf39ee5-72f7-4507-bfbf-0b303ee2db69 @ http://localhost:3100/_next/static/chunks/e773d6d60e3bc5eb.js:396
[   12540ms] [ERROR] THREE.GLTFLoader: Couldn't load texture blob:http://localhost:3100/9ca895d2-2a00-4b26-8b0f-83c2bb216ffc @ http://localhost:3100/_next/static/chunks/e773d6d60e3bc5eb.js:396
[   12540ms] [ERROR] THREE.GLTFLoader: Couldn't load texture blob:http://localhost:3100/51e6d2c4-4537-43d0-8b9b-d5a6244033ed @ http://localhost:3100/_next/static/chunks/e773d6d60e3bc5eb.js:396
[   12540ms] [ERROR] THREE.GLTFLoader: Couldn't load texture blob:http://localhost:3100/3fb01b09-7ffd-4561-8ff4-774176dfa88f @ http://localhost:3100/_next/static/chunks/e773d6d60e3bc5eb.js:396
[   12540ms] [ERROR] THREE.GLTFLoader: Couldn't load texture blob:http://localhost:3100/d7fe5090-aaa4-4266-a0c3-3a4a0490a2dd @ http://localhost:3100/_next/static/chunks/e773d6d60e3bc5eb.js:396
[   12540ms] [ERROR] THREE.GLTFLoader: Couldn't load texture blob:http://localhost:3100/1f22acba-5789-4cec-b925-79bebf4cc8a2 @ http://localhost:3100/_next/static/chunks/e773d6d60e3bc5eb.js:396
[   12540ms] [ERROR] THREE.GLTFLoader: Couldn't load texture blob:http://localhost:3100/adb31c4c-56b9-4f9c-8918-a2c85f7c8c60 @ http://localhost:3100/_next/static/chunks/e773d6d60e3bc5eb.js:396
[   12540ms] [ERROR] THREE.GLTFLoader: Couldn't load texture blob:http://localhost:3100/3b7f22f2-cad2-4cf5-a158-304769b1e5c7 @ http://localhost:3100/_next/static/chunks/e773d6d60e3bc5eb.js:396
[   12540ms] [ERROR] THREE.GLTFLoader: Couldn't load texture blob:http://localhost:3100/cdf3674d-d433-4ae1-ae04-85fef9a75e6e @ http://localhost:3100/_next/static/chunks/e773d6d60e3bc5eb.js:396
[   12540ms] [ERROR] THREE.GLTFLoader: Couldn't load texture blob:http://localhost:3100/673a0d34-2756-443e-9068-60f0ce65a814 @ http://localhost:3100/_next/static/chunks/e773d6d60e3bc5eb.js:396
[   12540ms] [ERROR] THREE.GLTFLoader: Couldn't load texture blob:http://localhost:3100/63aff5e0-63d2-4045-b4d1-aea7ea0a0c02 @ http://localhost:3100/_next/static/chunks/e773d6d60e3bc5eb.js:396
[   12540ms] [ERROR] THREE.GLTFLoader: Couldn't load texture blob:http://localhost:3100/a747621e-909c-4876-bfa5-a2c9153956b5 @ http://localhost:3100/_next/static/chunks/e773d6d60e3bc5eb.js:396
[   12540ms] [ERROR] THREE.GLTFLoader: Couldn't load texture blob:http://localhost:3100/30505233-6cbb-44dc-913c-bdb001b2ba2b @ http://localhost:3100/_next/static/chunks/e773d6d60e3bc5eb.js:396
[   12540ms] [ERROR] THREE.GLTFLoader: Couldn't load texture blob:http://localhost:3100/789b7675-9fa5-43b5-9dab-fbe44a60d620 @ http://localhost:3100/_next/static/chunks/e773d6d60e3bc5eb.js:396
[   12540ms] [ERROR] THREE.GLTFLoader: Couldn't load texture blob:http://localhost:3100/8441138b-5e37-4f9b-a80c-ef4875e70d33 @ http://localhost:3100/_next/static/chunks/e773d6d60e3bc5eb.js:396
[   12540ms] [ERROR] THREE.GLTFLoader: Couldn't load texture blob:http://localhost:3100/9dc59e71-4d94-402a-9dad-cabd1381f79b @ http://localhost:3100/_next/static/chunks/e773d6d60e3bc5eb.js:396
[   12540ms] [ERROR] THREE.GLTFLoader: Couldn't load texture blob:http://localhost:3100/1ff0d854-dada-4884-b1d1-b18fa2d5ca84 @ http://localhost:3100/_next/static/chunks/e773d6d60e3bc5eb.js:396
[   12540ms] [ERROR] THREE.GLTFLoader: Couldn't load texture blob:http://localhost:3100/fb80de0e-26e4-45c8-856d-550f5cd0dcc1 @ http://localhost:3100/_next/static/chunks/e773d6d60e3bc5eb.js:396
[   12540ms] [ERROR] THREE.GLTFLoader: Couldn't load texture blob:http://localhost:3100/21d729c0-3549-477e-a1d7-2d295d2e3042 @ http://localhost:3100/_next/static/chunks/e773d6d60e3bc5eb.js:396
